0 info it worked if it ends with ok
1 verbose cli [ '/usr/bin/node', '/usr/bin/npm', 'install' ]
2 info using npm@3.5.2
3 info using node@v8.10.0
4 silly loadCurrentTree Starting
5 silly install loadCurrentTree
6 silly install readLocalPackageData
7 silly install normalizeTree
8 silly loadCurrentTree Finishing
9 silly loadIdealTree Starting
10 silly install loadIdealTree
11 silly cloneCurrentTree Starting
12 silly install cloneCurrentTreeToIdealTree
13 silly cloneCurrentTree Finishing
14 silly loadShrinkwrap Starting
15 silly install loadShrinkwrap
16 silly loadShrinkwrap Finishing
17 silly loadAllDepsIntoIdealTree Starting
18 silly install loadAllDepsIntoIdealTree
19 silly fetchNamedPackageData axios
20 silly mapToRegistry name axios
21 silly mapToRegistry using default registry
22 silly mapToRegistry registry https://registry.npmjs.org/
23 silly mapToRegistry uri https://registry.npmjs.org/axios
24 silly fetchNamedPackageData bootstrap
25 silly mapToRegistry name bootstrap
26 silly mapToRegistry using default registry
27 silly mapToRegistry registry https://registry.npmjs.org/
28 silly mapToRegistry uri https://registry.npmjs.org/bootstrap
29 silly fetchNamedPackageData cross-env
30 silly mapToRegistry name cross-env
31 silly mapToRegistry using default registry
32 silly mapToRegistry registry https://registry.npmjs.org/
33 silly mapToRegistry uri https://registry.npmjs.org/cross-env
34 silly fetchNamedPackageData jquery
35 silly mapToRegistry name jquery
36 silly mapToRegistry using default registry
37 silly mapToRegistry registry https://registry.npmjs.org/
38 silly mapToRegistry uri https://registry.npmjs.org/jquery
39 silly fetchNamedPackageData laravel-mix
40 silly mapToRegistry name laravel-mix
41 silly mapToRegistry using default registry
42 silly mapToRegistry registry https://registry.npmjs.org/
43 silly mapToRegistry uri https://registry.npmjs.org/laravel-mix
44 silly fetchNamedPackageData lodash
45 silly mapToRegistry name lodash
46 silly mapToRegistry using default registry
47 silly mapToRegistry registry https://registry.npmjs.org/
48 silly mapToRegistry uri https://registry.npmjs.org/lodash
49 silly fetchNamedPackageData popper.js
50 silly mapToRegistry name popper.js
51 silly mapToRegistry using default registry
52 silly mapToRegistry registry https://registry.npmjs.org/
53 silly mapToRegistry uri https://registry.npmjs.org/popper.js
54 silly fetchNamedPackageData resolve-url-loader
55 silly mapToRegistry name resolve-url-loader
56 silly mapToRegistry using default registry
57 silly mapToRegistry registry https://registry.npmjs.org/
58 silly mapToRegistry uri https://registry.npmjs.org/resolve-url-loader
59 silly fetchNamedPackageData sass
60 silly mapToRegistry name sass
61 silly mapToRegistry using default registry
62 silly mapToRegistry registry https://registry.npmjs.org/
63 silly mapToRegistry uri https://registry.npmjs.org/sass
64 silly fetchNamedPackageData sass-loader
65 silly mapToRegistry name sass-loader
66 silly mapToRegistry using default registry
67 silly mapToRegistry registry https://registry.npmjs.org/
68 silly mapToRegistry uri https://registry.npmjs.org/sass-loader
69 verbose request uri https://registry.npmjs.org/axios
70 verbose request no auth needed
71 info attempt registry request try #1 at 22:08:55
72 verbose request id 958feeef9e93f93e
73 http request GET https://registry.npmjs.org/axios
74 verbose request uri https://registry.npmjs.org/bootstrap
75 verbose request no auth needed
76 info attempt registry request try #1 at 22:08:55
77 http request GET https://registry.npmjs.org/bootstrap
78 verbose request uri https://registry.npmjs.org/cross-env
79 verbose request no auth needed
80 info attempt registry request try #1 at 22:08:55
81 http request GET https://registry.npmjs.org/cross-env
82 verbose request uri https://registry.npmjs.org/jquery
83 verbose request no auth needed
84 info attempt registry request try #1 at 22:08:55
85 http request GET https://registry.npmjs.org/jquery
86 verbose request uri https://registry.npmjs.org/laravel-mix
87 verbose request no auth needed
88 info attempt registry request try #1 at 22:08:55
89 http request GET https://registry.npmjs.org/laravel-mix
90 verbose request uri https://registry.npmjs.org/lodash
91 verbose request no auth needed
92 info attempt registry request try #1 at 22:08:55
93 http request GET https://registry.npmjs.org/lodash
94 verbose request uri https://registry.npmjs.org/popper.js
95 verbose request no auth needed
96 info attempt registry request try #1 at 22:08:55
97 http request GET https://registry.npmjs.org/popper.js
98 verbose request uri https://registry.npmjs.org/resolve-url-loader
99 verbose request no auth needed
100 info attempt registry request try #1 at 22:08:55
101 http request GET https://registry.npmjs.org/resolve-url-loader
102 verbose request uri https://registry.npmjs.org/sass
103 verbose request no auth needed
104 info attempt registry request try #1 at 22:08:55
105 http request GET https://registry.npmjs.org/sass
106 verbose request uri https://registry.npmjs.org/sass-loader
107 verbose request no auth needed
108 info attempt registry request try #1 at 22:08:55
109 http request GET https://registry.npmjs.org/sass-loader
110 info retry will retry, error on last attempt: Error: unable to get local issuer certificate
111 info retry will retry, error on last attempt: Error: unable to get local issuer certificate
112 info retry will retry, error on last attempt: Error: unable to get local issuer certificate
113 info retry will retry, error on last attempt: Error: unable to get local issuer certificate
114 info retry will retry, error on last attempt: Error: unable to get local issuer certificate
115 info retry will retry, error on last attempt: Error: unable to get local issuer certificate
116 info retry will retry, error on last attempt: Error: unable to get local issuer certificate
117 info retry will retry, error on last attempt: Error: unable to get local issuer certificate
118 info retry will retry, error on last attempt: Error: unable to get local issuer certificate
119 info retry will retry, error on last attempt: Error: unable to get local issuer certificate
120 info attempt registry request try #2 at 22:09:06
121 http request GET https://registry.npmjs.org/laravel-mix
122 info attempt registry request try #2 at 22:09:06
123 http request GET https://registry.npmjs.org/cross-env
124 info attempt registry request try #2 at 22:09:06
125 http request GET https://registry.npmjs.org/axios
126 info attempt registry request try #2 at 22:09:06
127 http request GET https://registry.npmjs.org/lodash
128 info attempt registry request try #2 at 22:09:06
129 http request GET https://registry.npmjs.org/bootstrap
130 info attempt registry request try #2 at 22:09:06
131 http request GET https://registry.npmjs.org/resolve-url-loader
132 info attempt registry request try #2 at 22:09:06
133 http request GET https://registry.npmjs.org/popper.js
134 info attempt registry request try #2 at 22:09:06
135 http request GET https://registry.npmjs.org/jquery
136 info attempt registry request try #2 at 22:09:06
137 http request GET https://registry.npmjs.org/sass
138 info attempt registry request try #2 at 22:09:06
139 http request GET https://registry.npmjs.org/sass-loader
140 info retry will retry, error on last attempt: Error: unable to get local issuer certificate
141 info retry will retry, error on last attempt: Error: unable to get local issuer certificate
142 info retry will retry, error on last attempt: Error: unable to get local issuer certificate
143 info retry will retry, error on last attempt: Error: unable to get local issuer certificate
144 info retry will retry, error on last attempt: Error: unable to get local issuer certificate
145 info retry will retry, error on last attempt: Error: unable to get local issuer certificate
146 info retry will retry, error on last attempt: Error: unable to get local issuer certificate
147 info retry will retry, error on last attempt: Error: unable to get local issuer certificate
148 info retry will retry, error on last attempt: Error: unable to get local issuer certificate
149 info retry will retry, error on last attempt: Error: unable to get local issuer certificate
150 info attempt registry request try #3 at 22:10:06
151 http request GET https://registry.npmjs.org/laravel-mix
152 info attempt registry request try #3 at 22:10:06
153 http request GET https://registry.npmjs.org/axios
154 info attempt registry request try #3 at 22:10:06
155 http request GET https://registry.npmjs.org/resolve-url-loader
156 info attempt registry request try #3 at 22:10:06
157 http request GET https://registry.npmjs.org/bootstrap
158 info attempt registry request try #3 at 22:10:06
159 http request GET https://registry.npmjs.org/lodash
160 silly fetchPackageMetaData Error: unable to get local issuer certificate
160 silly fetchPackageMetaData     at TLSSocket.<anonymous> (_tls_wrap.js:1105:38)
160 silly fetchPackageMetaData     at emitNone (events.js:106:13)
160 silly fetchPackageMetaData     at TLSSocket.emit (events.js:208:7)
160 silly fetchPackageMetaData     at TLSSocket._finishInit (_tls_wrap.js:639:8)
160 silly fetchPackageMetaData     at TLSWrap.ssl.onhandshakedone (_tls_wrap.js:469:38)
160 silly fetchPackageMetaData  error for laravel-mix@^5.0.1 { Error: unable to get local issuer certificate
160 silly fetchPackageMetaData     at TLSSocket.<anonymous> (_tls_wrap.js:1105:38)
160 silly fetchPackageMetaData     at emitNone (events.js:106:13)
160 silly fetchPackageMetaData     at TLSSocket.emit (events.js:208:7)
160 silly fetchPackageMetaData     at TLSSocket._finishInit (_tls_wrap.js:639:8)
160 silly fetchPackageMetaData     at TLSWrap.ssl.onhandshakedone (_tls_wrap.js:469:38) code: 'UNABLE_TO_GET_ISSUER_CERT_LOCALLY' }
161 info attempt registry request try #3 at 22:10:06
162 http request GET https://registry.npmjs.org/cross-env
163 info attempt registry request try #3 at 22:10:06
164 http request GET https://registry.npmjs.org/sass-loader
165 info attempt registry request try #3 at 22:10:06
166 http request GET https://registry.npmjs.org/popper.js
167 info attempt registry request try #3 at 22:10:06
168 http request GET https://registry.npmjs.org/sass
169 info attempt registry request try #3 at 22:10:06
170 http request GET https://registry.npmjs.org/jquery
171 silly fetchPackageMetaData Error: unable to get local issuer certificate
171 silly fetchPackageMetaData     at TLSSocket.<anonymous> (_tls_wrap.js:1105:38)
171 silly fetchPackageMetaData     at emitNone (events.js:106:13)
171 silly fetchPackageMetaData     at TLSSocket.emit (events.js:208:7)
171 silly fetchPackageMetaData     at TLSSocket._finishInit (_tls_wrap.js:639:8)
171 silly fetchPackageMetaData     at TLSWrap.ssl.onhandshakedone (_tls_wrap.js:469:38)
171 silly fetchPackageMetaData  error for axios@^0.19 { Error: unable to get local issuer certificate
171 silly fetchPackageMetaData     at TLSSocket.<anonymous> (_tls_wrap.js:1105:38)
171 silly fetchPackageMetaData     at emitNone (events.js:106:13)
171 silly fetchPackageMetaData     at TLSSocket.emit (events.js:208:7)
171 silly fetchPackageMetaData     at TLSSocket._finishInit (_tls_wrap.js:639:8)
171 silly fetchPackageMetaData     at TLSWrap.ssl.onhandshakedone (_tls_wrap.js:469:38) code: 'UNABLE_TO_GET_ISSUER_CERT_LOCALLY' }
172 silly fetchPackageMetaData Error: unable to get local issuer certificate
172 silly fetchPackageMetaData     at TLSSocket.<anonymous> (_tls_wrap.js:1105:38)
172 silly fetchPackageMetaData     at emitNone (events.js:106:13)
172 silly fetchPackageMetaData     at TLSSocket.emit (events.js:208:7)
172 silly fetchPackageMetaData     at TLSSocket._finishInit (_tls_wrap.js:639:8)
172 silly fetchPackageMetaData     at TLSWrap.ssl.onhandshakedone (_tls_wrap.js:469:38)
172 silly fetchPackageMetaData  error for resolve-url-loader@^3.1.0 { Error: unable to get local issuer certificate
172 silly fetchPackageMetaData     at TLSSocket.<anonymous> (_tls_wrap.js:1105:38)
172 silly fetchPackageMetaData     at emitNone (events.js:106:13)
172 silly fetchPackageMetaData     at TLSSocket.emit (events.js:208:7)
172 silly fetchPackageMetaData     at TLSSocket._finishInit (_tls_wrap.js:639:8)
172 silly fetchPackageMetaData     at TLSWrap.ssl.onhandshakedone (_tls_wrap.js:469:38) code: 'UNABLE_TO_GET_ISSUER_CERT_LOCALLY' }
173 silly fetchPackageMetaData Error: unable to get local issuer certificate
173 silly fetchPackageMetaData     at TLSSocket.<anonymous> (_tls_wrap.js:1105:38)
173 silly fetchPackageMetaData     at emitNone (events.js:106:13)
173 silly fetchPackageMetaData     at TLSSocket.emit (events.js:208:7)
173 silly fetchPackageMetaData     at TLSSocket._finishInit (_tls_wrap.js:639:8)
173 silly fetchPackageMetaData     at TLSWrap.ssl.onhandshakedone (_tls_wrap.js:469:38)
173 silly fetchPackageMetaData  error for lodash@^4.17.19 { Error: unable to get local issuer certificate
173 silly fetchPackageMetaData     at TLSSocket.<anonymous> (_tls_wrap.js:1105:38)
173 silly fetchPackageMetaData     at emitNone (events.js:106:13)
173 silly fetchPackageMetaData     at TLSSocket.emit (events.js:208:7)
173 silly fetchPackageMetaData     at TLSSocket._finishInit (_tls_wrap.js:639:8)
173 silly fetchPackageMetaData     at TLSWrap.ssl.onhandshakedone (_tls_wrap.js:469:38) code: 'UNABLE_TO_GET_ISSUER_CERT_LOCALLY' }
174 silly fetchPackageMetaData Error: unable to get local issuer certificate
174 silly fetchPackageMetaData     at TLSSocket.<anonymous> (_tls_wrap.js:1105:38)
174 silly fetchPackageMetaData     at emitNone (events.js:106:13)
174 silly fetchPackageMetaData     at TLSSocket.emit (events.js:208:7)
174 silly fetchPackageMetaData     at TLSSocket._finishInit (_tls_wrap.js:639:8)
174 silly fetchPackageMetaData     at TLSWrap.ssl.onhandshakedone (_tls_wrap.js:469:38)
174 silly fetchPackageMetaData  error for bootstrap@^4.0.0 { Error: unable to get local issuer certificate
174 silly fetchPackageMetaData     at TLSSocket.<anonymous> (_tls_wrap.js:1105:38)
174 silly fetchPackageMetaData     at emitNone (events.js:106:13)
174 silly fetchPackageMetaData     at TLSSocket.emit (events.js:208:7)
174 silly fetchPackageMetaData     at TLSSocket._finishInit (_tls_wrap.js:639:8)
174 silly fetchPackageMetaData     at TLSWrap.ssl.onhandshakedone (_tls_wrap.js:469:38) code: 'UNABLE_TO_GET_ISSUER_CERT_LOCALLY' }
175 silly fetchPackageMetaData Error: unable to get local issuer certificate
175 silly fetchPackageMetaData     at TLSSocket.<anonymous> (_tls_wrap.js:1105:38)
175 silly fetchPackageMetaData     at emitNone (events.js:106:13)
175 silly fetchPackageMetaData     at TLSSocket.emit (events.js:208:7)
175 silly fetchPackageMetaData     at TLSSocket._finishInit (_tls_wrap.js:639:8)
175 silly fetchPackageMetaData     at TLSWrap.ssl.onhandshakedone (_tls_wrap.js:469:38)
175 silly fetchPackageMetaData  error for jquery@^3.2 { Error: unable to get local issuer certificate
175 silly fetchPackageMetaData     at TLSSocket.<anonymous> (_tls_wrap.js:1105:38)
175 silly fetchPackageMetaData     at emitNone (events.js:106:13)
175 silly fetchPackageMetaData     at TLSSocket.emit (events.js:208:7)
175 silly fetchPackageMetaData     at TLSSocket._finishInit (_tls_wrap.js:639:8)
175 silly fetchPackageMetaData     at TLSWrap.ssl.onhandshakedone (_tls_wrap.js:469:38) code: 'UNABLE_TO_GET_ISSUER_CERT_LOCALLY' }
176 silly fetchPackageMetaData Error: unable to get local issuer certificate
176 silly fetchPackageMetaData     at TLSSocket.<anonymous> (_tls_wrap.js:1105:38)
176 silly fetchPackageMetaData     at emitNone (events.js:106:13)
176 silly fetchPackageMetaData     at TLSSocket.emit (events.js:208:7)
176 silly fetchPackageMetaData     at TLSSocket._finishInit (_tls_wrap.js:639:8)
176 silly fetchPackageMetaData     at TLSWrap.ssl.onhandshakedone (_tls_wrap.js:469:38)
176 silly fetchPackageMetaData  error for popper.js@^1.12 { Error: unable to get local issuer certificate
176 silly fetchPackageMetaData     at TLSSocket.<anonymous> (_tls_wrap.js:1105:38)
176 silly fetchPackageMetaData     at emitNone (events.js:106:13)
176 silly fetchPackageMetaData     at TLSSocket.emit (events.js:208:7)
176 silly fetchPackageMetaData     at TLSSocket._finishInit (_tls_wrap.js:639:8)
176 silly fetchPackageMetaData     at TLSWrap.ssl.onhandshakedone (_tls_wrap.js:469:38) code: 'UNABLE_TO_GET_ISSUER_CERT_LOCALLY' }
177 silly fetchPackageMetaData Error: unable to get local issuer certificate
177 silly fetchPackageMetaData     at TLSSocket.<anonymous> (_tls_wrap.js:1105:38)
177 silly fetchPackageMetaData     at emitNone (events.js:106:13)
177 silly fetchPackageMetaData     at TLSSocket.emit (events.js:208:7)
177 silly fetchPackageMetaData     at TLSSocket._finishInit (_tls_wrap.js:639:8)
177 silly fetchPackageMetaData     at TLSWrap.ssl.onhandshakedone (_tls_wrap.js:469:38)
177 silly fetchPackageMetaData  error for cross-env@^7.0 { Error: unable to get local issuer certificate
177 silly fetchPackageMetaData     at TLSSocket.<anonymous> (_tls_wrap.js:1105:38)
177 silly fetchPackageMetaData     at emitNone (events.js:106:13)
177 silly fetchPackageMetaData     at TLSSocket.emit (events.js:208:7)
177 silly fetchPackageMetaData     at TLSSocket._finishInit (_tls_wrap.js:639:8)
177 silly fetchPackageMetaData     at TLSWrap.ssl.onhandshakedone (_tls_wrap.js:469:38) code: 'UNABLE_TO_GET_ISSUER_CERT_LOCALLY' }
178 silly fetchPackageMetaData Error: unable to get local issuer certificate
178 silly fetchPackageMetaData     at TLSSocket.<anonymous> (_tls_wrap.js:1105:38)
178 silly fetchPackageMetaData     at emitNone (events.js:106:13)
178 silly fetchPackageMetaData     at TLSSocket.emit (events.js:208:7)
178 silly fetchPackageMetaData     at TLSSocket._finishInit (_tls_wrap.js:639:8)
178 silly fetchPackageMetaData     at TLSWrap.ssl.onhandshakedone (_tls_wrap.js:469:38)
178 silly fetchPackageMetaData  error for sass-loader@^8.0.0 { Error: unable to get local issuer certificate
178 silly fetchPackageMetaData     at TLSSocket.<anonymous> (_tls_wrap.js:1105:38)
178 silly fetchPackageMetaData     at emitNone (events.js:106:13)
178 silly fetchPackageMetaData     at TLSSocket.emit (events.js:208:7)
178 silly fetchPackageMetaData     at TLSSocket._finishInit (_tls_wrap.js:639:8)
178 silly fetchPackageMetaData     at TLSWrap.ssl.onhandshakedone (_tls_wrap.js:469:38) code: 'UNABLE_TO_GET_ISSUER_CERT_LOCALLY' }
179 silly fetchPackageMetaData Error: unable to get local issuer certificate
179 silly fetchPackageMetaData     at TLSSocket.<anonymous> (_tls_wrap.js:1105:38)
179 silly fetchPackageMetaData     at emitNone (events.js:106:13)
179 silly fetchPackageMetaData     at TLSSocket.emit (events.js:208:7)
179 silly fetchPackageMetaData     at TLSSocket._finishInit (_tls_wrap.js:639:8)
179 silly fetchPackageMetaData     at TLSWrap.ssl.onhandshakedone (_tls_wrap.js:469:38)
179 silly fetchPackageMetaData  error for sass@^1.15.2 { Error: unable to get local issuer certificate
179 silly fetchPackageMetaData     at TLSSocket.<anonymous> (_tls_wrap.js:1105:38)
179 silly fetchPackageMetaData     at emitNone (events.js:106:13)
179 silly fetchPackageMetaData     at TLSSocket.emit (events.js:208:7)
179 silly fetchPackageMetaData     at TLSSocket._finishInit (_tls_wrap.js:639:8)
179 silly fetchPackageMetaData     at TLSWrap.ssl.onhandshakedone (_tls_wrap.js:469:38) code: 'UNABLE_TO_GET_ISSUER_CERT_LOCALLY' }
180 silly rollbackFailedOptional Starting
181 silly rollbackFailedOptional Finishing
182 silly runTopLevelLifecycles Starting
183 silly runTopLevelLifecycles Finishing
184 silly install printInstalled
185 verbose stack Error: unable to get local issuer certificate
185 verbose stack     at TLSSocket.<anonymous> (_tls_wrap.js:1105:38)
185 verbose stack     at emitNone (events.js:106:13)
185 verbose stack     at TLSSocket.emit (events.js:208:7)
185 verbose stack     at TLSSocket._finishInit (_tls_wrap.js:639:8)
185 verbose stack     at TLSWrap.ssl.onhandshakedone (_tls_wrap.js:469:38)
186 verbose cwd /home/redas/laravel_crud
187 error Linux 5.4.0-65-generic
188 error argv "/usr/bin/node" "/usr/bin/npm" "install"
189 error node v8.10.0
190 error npm  v3.5.2
191 error code UNABLE_TO_GET_ISSUER_CERT_LOCALLY
192 error unable to get local issuer certificate
193 error If you need help, you may report this error at:
193 error     <https://github.com/npm/npm/issues>
194 verbose exit [ 1, true ]
